<?xml version="1.0" encoding="utf-8"?>
<CoverageSession xmlns:xsd="http://www.w3.org/2001/XMLSchema" xmlns:xsi="http://www.w3.org/2001/XMLSchema-instance" Version="4.7.922.0">
  <Summary numSequencePoints="105" visitedSequencePoints="105" numBranchPoints="32" visitedBranchPoints="31" sequenceCoverage="100" branchCoverage="96.88" maxCyclomaticComplexity="10" minCyclomaticComplexity="1" maxCrapScore="10" minCrapScore="2" visitedClasses="2" numClasses="2" visitedMethods="8" numMethods="8" />
  <Modules>
    <Module hash="DE-C7-27-EC-E4-F7-0A-B4-15-17-FE-CC-03-0C-A9-CC-76-75-C5-F3">
      <Summary numSequencePoints="45" visitedSequencePoints="45" numBranchPoints="6" visitedBranchPoints="6" sequenceCoverage="100" branchCoverage="100" maxCyclomaticComplexity="1" minCyclomaticComplexity="0" maxCrapScore="2" minCrapScore="0" visitedClasses="1" numClasses="1" visitedMethods="6" numMethods="6" />
      <ModulePath>C:\Users\Lenovo\Desktop\ce100-hw3-duygu-ozturk\ce100-hw3-duygu-ozturk\UnitTestProject1\bin\Debug\fine-code-coverage\build-output\UnitTestProject1.dll</ModulePath>
      <ModuleTime>2022-04-10T18:33:41.9101102Z</ModuleTime>
      <ModuleName>UnitTestProject1</ModuleName>
      <Files>
        <File uid="1" fullPath="C:\Users\Lenovo\Desktop\ce100-hw3-duygu-ozturk\ce100-hw3-duygu-ozturk\UnitTestProject1\UnitTest1.cs" />
      </Files>
      <Classes>
        <Class>
          <Summary numSequencePoints="45" visitedSequencePoints="45" numBranchPoints="6" visitedBranchPoints="6" sequenceCoverage="100" branchCoverage="100" maxCyclomaticComplexity="1" minCyclomaticComplexity="1" maxCrapScore="2" minCrapScore="1" visitedClasses="1" numClasses="1" visitedMethods="6" numMethods="6" />
          <FullName>ce100_hw3_algo_test_cs.UnitTest1</FullName>
          <Methods>
            <Method visited="true" cyclomaticComplexity="1" nPathComplexity="0" sequenceCoverage="100" branchCoverage="100" crapScore="1" isConstructor="false" isStatic="false" isGetter="false" isSetter="false">
              <Summary numSequencePoints="9" visitedSequencePoints="9" numBranchPoints="1" visitedBranchPoints="1" sequenceCoverage="100" branchCoverage="100" maxCyclomaticComplexity="1" minCyclomaticComplexity="1" maxCrapScore="1" minCrapScore="1" visitedClasses="0" numClasses="0" visitedMethods="1" numMethods="1" />
              <MetadataToken>100663297</MetadataToken>
              <Name>System.Void ce100_hw3_algo_test_cs.UnitTest1::LongestCommonSubsquence_TestMethod1()</Name>
              <FileRef uid="1" />
              <SequencePoints>
                <SequencePoint vc="1" uspid="1" ordinal="0" offset="0" sl="13" sc="5" el="13" ec="6" bec="0" bev="0" fileid="1" />
                <SequencePoint vc="1" uspid="2" ordinal="1" offset="1" sl="14" sc="9" el="14" ec="58" bec="0" bev="0" fileid="1" />
                <SequencePoint vc="1" uspid="3" ordinal="2" offset="7" sl="15" sc="9" el="15" ec="58" bec="0" bev="0" fileid="1" />
                <SequencePoint vc="1" uspid="4" ordinal="3" offset="13" sl="18" sc="9" el="18" ec="27" bec="0" bev="0" fileid="1" />
                <SequencePoint vc="1" uspid="5" ordinal="4" offset="20" sl="19" sc="9" el="19" ec="27" bec="0" bev="0" fileid="1" />
                <SequencePoint vc="1" uspid="6" ordinal="5" offset="27" sl="20" sc="9" el="20" ec="70" bec="0" bev="0" fileid="1" />
                <SequencePoint vc="1" uspid="7" ordinal="6" offset="38" sl="21" sc="9" el="21" ec="39" bec="0" bev="0" fileid="1" />
                <SequencePoint vc="1" uspid="8" ordinal="7" offset="45" sl="22" sc="9" el="22" ec="43" bec="0" bev="0" fileid="1" />
                <SequencePoint vc="1" uspid="9" ordinal="8" offset="55" sl="23" sc="5" el="23" ec="6" bec="0" bev="0" fileid="1" />
              </SequencePoints>
              <BranchPoints />
              <MethodPoint xsi:type="SequencePoint" vc="1" uspid="1" ordinal="0" offset="0" sl="13" sc="5" el="13" ec="6" bec="0" bev="0" fileid="1" />
            </Method>
            <Method visited="true" cyclomaticComplexity="1" nPathComplexity="0" sequenceCoverage="100" branchCoverage="100" crapScore="1" isConstructor="false" isStatic="false" isGetter="false" isSetter="false">
              <Summary numSequencePoints="9" visitedSequencePoints="9" numBranchPoints="1" visitedBranchPoints="1" sequenceCoverage="100" branchCoverage="100" maxCyclomaticComplexity="1" minCyclomaticComplexity="1" maxCrapScore="1" minCrapScore="1" visitedClasses="0" numClasses="0" visitedMethods="1" numMethods="1" />
              <MetadataToken>100663298</MetadataToken>
              <Name>System.Void ce100_hw3_algo_test_cs.UnitTest1::LongestCommonSubsquence_TestMethod2()</Name>
              <FileRef uid="1" />
              <SequencePoints>
                <SequencePoint vc="1" uspid="10" ordinal="0" offset="0" sl="28" sc="5" el="28" ec="6" bec="0" bev="0" fileid="1" />
                <SequencePoint vc="1" uspid="11" ordinal="1" offset="1" sl="29" sc="9" el="29" ec="49" bec="0" bev="0" fileid="1" />
                <SequencePoint vc="1" uspid="12" ordinal="2" offset="7" sl="30" sc="9" el="30" ec="41" bec="0" bev="0" fileid="1" />
                <SequencePoint vc="1" uspid="13" ordinal="3" offset="13" sl="33" sc="9" el="33" ec="27" bec="0" bev="0" fileid="1" />
                <SequencePoint vc="1" uspid="14" ordinal="4" offset="20" sl="34" sc="9" el="34" ec="27" bec="0" bev="0" fileid="1" />
                <SequencePoint vc="1" uspid="15" ordinal="5" offset="27" sl="35" sc="9" el="35" ec="70" bec="0" bev="0" fileid="1" />
                <SequencePoint vc="1" uspid="16" ordinal="6" offset="38" sl="36" sc="9" el="36" ec="37" bec="0" bev="0" fileid="1" />
                <SequencePoint vc="1" uspid="17" ordinal="7" offset="45" sl="37" sc="9" el="37" ec="43" bec="0" bev="0" fileid="1" />
                <SequencePoint vc="1" uspid="18" ordinal="8" offset="55" sl="38" sc="5" el="38" ec="6" bec="0" bev="0" fileid="1" />
              </SequencePoints>
              <BranchPoints />
              <MethodPoint xsi:type="SequencePoint" vc="1" uspid="10" ordinal="0" offset="0" sl="28" sc="5" el="28" ec="6" bec="0" bev="0" fileid="1" />
            </Method>
            <Method visited="true" cyclomaticComplexity="1" nPathComplexity="0" sequenceCoverage="100" branchCoverage="100" crapScore="1" isConstructor="false" isStatic="false" isGetter="false" isSetter="false">
              <Summary numSequencePoints="9" visitedSequencePoints="9" numBranchPoints="1" visitedBranchPoints="1" sequenceCoverage="100" branchCoverage="100" maxCyclomaticComplexity="1" minCyclomaticComplexity="1" maxCrapScore="1" minCrapScore="1" visitedClasses="0" numClasses="0" visitedMethods="1" numMethods="1" />
              <MetadataToken>100663299</MetadataToken>
              <Name>System.Void ce100_hw3_algo_test_cs.UnitTest1::LongestCommonSubsquence_TestMethod3()</Name>
              <FileRef uid="1" />
              <SequencePoints>
                <SequencePoint vc="1" uspid="19" ordinal="0" offset="0" sl="42" sc="5" el="42" ec="6" bec="0" bev="0" fileid="1" />
                <SequencePoint vc="1" uspid="20" ordinal="1" offset="1" sl="43" sc="9" el="43" ec="33" bec="0" bev="0" fileid="1" />
                <SequencePoint vc="1" uspid="21" ordinal="2" offset="7" sl="44" sc="9" el="44" ec="34" bec="0" bev="0" fileid="1" />
                <SequencePoint vc="1" uspid="22" ordinal="3" offset="13" sl="47" sc="9" el="47" ec="27" bec="0" bev="0" fileid="1" />
                <SequencePoint vc="1" uspid="23" ordinal="4" offset="20" sl="48" sc="9" el="48" ec="27" bec="0" bev="0" fileid="1" />
                <SequencePoint vc="1" uspid="24" ordinal="5" offset="27" sl="49" sc="9" el="49" ec="70" bec="0" bev="0" fileid="1" />
                <SequencePoint vc="1" uspid="25" ordinal="6" offset="38" sl="50" sc="9" el="50" ec="35" bec="0" bev="0" fileid="1" />
                <SequencePoint vc="1" uspid="26" ordinal="7" offset="45" sl="51" sc="9" el="51" ec="43" bec="0" bev="0" fileid="1" />
                <SequencePoint vc="1" uspid="27" ordinal="8" offset="55" sl="52" sc="5" el="52" ec="6" bec="0" bev="0" fileid="1" />
              </SequencePoints>
              <BranchPoints />
              <MethodPoint xsi:type="SequencePoint" vc="1" uspid="19" ordinal="0" offset="0" sl="42" sc="5" el="42" ec="6" bec="0" bev="0" fileid="1" />
            </Method>
            <Method visited="true" cyclomaticComplexity="1" nPathComplexity="0" sequenceCoverage="100" branchCoverage="100" crapScore="1" isConstructor="false" isStatic="false" isGetter="false" isSetter="false">
              <Summary numSequencePoints="6" visitedSequencePoints="6" numBranchPoints="1" visitedBranchPoints="1" sequenceCoverage="100" branchCoverage="100" maxCyclomaticComplexity="1" minCyclomaticComplexity="1" maxCrapScore="1" minCrapScore="1" visitedClasses="0" numClasses="0" visitedMethods="1" numMethods="1" />
              <MetadataToken>100663300</MetadataToken>
              <Name>System.Void ce100_hw3_algo_test_cs.UnitTest1::MatrixChainOrder_TestMethod1()</Name>
              <FileRef uid="1" />
              <SequencePoints>
                <SequencePoint vc="1" uspid="28" ordinal="0" offset="0" sl="56" sc="5" el="56" ec="6" bec="0" bev="0" fileid="1" />
                <SequencePoint vc="1" uspid="29" ordinal="1" offset="1" sl="57" sc="9" el="57" ec="49" bec="0" bev="0" fileid="1" />
                <SequencePoint vc="1" uspid="30" ordinal="2" offset="19" sl="58" sc="9" el="58" ec="28" bec="0" bev="0" fileid="1" />
                <SequencePoint vc="1" uspid="31" ordinal="3" offset="23" sl="59" sc="9" el="59" ec="58" bec="0" bev="0" fileid="1" />
                <SequencePoint vc="1" uspid="32" ordinal="4" offset="34" sl="60" sc="9" el="60" ec="35" bec="0" bev="0" fileid="1" />
                <SequencePoint vc="1" uspid="33" ordinal="5" offset="43" sl="61" sc="5" el="61" ec="6" bec="0" bev="0" fileid="1" />
              </SequencePoints>
              <BranchPoints />
              <MethodPoint xsi:type="SequencePoint" vc="1" uspid="28" ordinal="0" offset="0" sl="56" sc="5" el="56" ec="6" bec="0" bev="0" fileid="1" />
            </Method>
            <Method visited="true" cyclomaticComplexity="1" nPathComplexity="0" sequenceCoverage="100" branchCoverage="100" crapScore="1" isConstructor="false" isStatic="false" isGetter="false" isSetter="false">
              <Summary numSequencePoints="6" visitedSequencePoints="6" numBranchPoints="1" visitedBranchPoints="1" sequenceCoverage="100" branchCoverage="100" maxCyclomaticComplexity="1" minCyclomaticComplexity="1" maxCrapScore="1" minCrapScore="1" visitedClasses="0" numClasses="0" visitedMethods="1" numMethods="1" />
              <MetadataToken>100663301</MetadataToken>
              <Name>System.Void ce100_hw3_algo_test_cs.UnitTest1::MatrixChainOrder_TestMethod2()</Name>
              <FileRef uid="1" />
              <SequencePoints>
                <SequencePoint vc="1" uspid="34" ordinal="0" offset="0" sl="65" sc="5" el="65" ec="6" bec="0" bev="0" fileid="1" />
                <SequencePoint vc="1" uspid="35" ordinal="1" offset="1" sl="66" sc="9" el="66" ec="49" bec="0" bev="0" fileid="1" />
                <SequencePoint vc="1" uspid="36" ordinal="2" offset="19" sl="67" sc="9" el="67" ec="28" bec="0" bev="0" fileid="1" />
                <SequencePoint vc="1" uspid="37" ordinal="3" offset="23" sl="68" sc="9" el="68" ec="58" bec="0" bev="0" fileid="1" />
                <SequencePoint vc="1" uspid="38" ordinal="4" offset="34" sl="69" sc="9" el="69" ec="35" bec="0" bev="0" fileid="1" />
                <SequencePoint vc="1" uspid="39" ordinal="5" offset="43" sl="70" sc="5" el="70" ec="6" bec="0" bev="0" fileid="1" />
              </SequencePoints>
              <BranchPoints />
              <MethodPoint xsi:type="SequencePoint" vc="1" uspid="34" ordinal="0" offset="0" sl="65" sc="5" el="65" ec="6" bec="0" bev="0" fileid="1" />
            </Method>
            <Method visited="true" cyclomaticComplexity="1" nPathComplexity="0" sequenceCoverage="100" branchCoverage="100" crapScore="1" isConstructor="false" isStatic="false" isGetter="false" isSetter="false">
              <Summary numSequencePoints="6" visitedSequencePoints="6" numBranchPoints="1" visitedBranchPoints="1" sequenceCoverage="100" branchCoverage="100" maxCyclomaticComplexity="1" minCyclomaticComplexity="1" maxCrapScore="1" minCrapScore="1" visitedClasses="0" numClasses="0" visitedMethods="1" numMethods="1" />
              <MetadataToken>100663302</MetadataToken>
              <Name>System.Void ce100_hw3_algo_test_cs.UnitTest1::MatrixChainOrder_TestMethod3()</Name>
              <FileRef uid="1" />
              <SequencePoints>
                <SequencePoint vc="1" uspid="40" ordinal="0" offset="0" sl="74" sc="5" el="74" ec="6" bec="0" bev="0" fileid="1" />
                <SequencePoint vc="1" uspid="41" ordinal="1" offset="1" sl="75" sc="9" el="75" ec="49" bec="0" bev="0" fileid="1" />
                <SequencePoint vc="1" uspid="42" ordinal="2" offset="19" sl="76" sc="9" el="76" ec="28" bec="0" bev="0" fileid="1" />
                <SequencePoint vc="1" uspid="43" ordinal="3" offset="23" sl="77" sc="9" el="77" ec="58" bec="0" bev="0" fileid="1" />
                <SequencePoint vc="1" uspid="44" ordinal="4" offset="34" sl="78" sc="9" el="78" ec="35" bec="0" bev="0" fileid="1" />
                <SequencePoint vc="1" uspid="45" ordinal="5" offset="43" sl="79" sc="5" el="79" ec="6" bec="0" bev="0" fileid="1" />
              </SequencePoints>
              <BranchPoints />
              <MethodPoint xsi:type="SequencePoint" vc="1" uspid="40" ordinal="0" offset="0" sl="74" sc="5" el="74" ec="6" bec="0" bev="0" fileid="1" />
            </Method>
            <Method visited="false" cyclomaticComplexity="1" nPathComplexity="0" sequenceCoverage="0" branchCoverage="0" crapScore="2" isConstructor="true" isStatic="false" isGetter="false" isSetter="false">
              <Summary numSequencePoints="0" visitedSequencePoints="0" numBranchPoints="0" visitedBranchPoints="0" sequenceCoverage="0" branchCoverage="0" maxCyclomaticComplexity="1" minCyclomaticComplexity="1" maxCrapScore="2" minCrapScore="2" visitedClasses="0" numClasses="0" visitedMethods="0" numMethods="0" />
              <MetadataToken>100663303</MetadataToken>
              <Name>System.Void ce100_hw3_algo_test_cs.UnitTest1::.ctor()</Name>
              <SequencePoints />
              <BranchPoints />
              <MethodPoint vc="0" uspid="46" ordinal="0" offset="0" />
            </Method>
          </Methods>
        </Class>
      </Classes>
    </Module>
    <Module hash="21-C9-2A-E3-9E-B0-C3-4E-A4-F9-1F-6A-15-22-D6-29-DC-D2-F9-BD">
      <Summary numSequencePoints="60" visitedSequencePoints="60" numBranchPoints="26" visitedBranchPoints="25" sequenceCoverage="100" branchCoverage="96.15" maxCyclomaticComplexity="10" minCyclomaticComplexity="1" maxCrapScore="10" minCrapScore="2" visitedClasses="1" numClasses="1" visitedMethods="2" numMethods="2" />
      <ModulePath>C:\Users\Lenovo\Desktop\ce100-hw3-duygu-ozturk\ce100-hw3-duygu-ozturk\UnitTestProject1\bin\Debug\fine-code-coverage\build-output\ClassLibrary1.dll</ModulePath>
      <ModuleTime>2022-04-10T18:33:41.7569059Z</ModuleTime>
      <ModuleName>ClassLibrary1</ModuleName>
      <Files>
        <File uid="3" fullPath="C:\Users\Lenovo\Desktop\ce100-hw3-duygu-ozturk\ce100-hw3-duygu-ozturk\ClassLibrary1\Class1.cs" />
      </Files>
      <Classes>
        <Class>
          <Summary numSequencePoints="60" visitedSequencePoints="60" numBranchPoints="26" visitedBranchPoints="25" sequenceCoverage="100" branchCoverage="96.15" maxCyclomaticComplexity="10" minCyclomaticComplexity="1" maxCrapScore="10" minCrapScore="2" visitedClasses="1" numClasses="1" visitedMethods="2" numMethods="2" />
          <FullName>ce100_hw3_algo_lib_cs.Class1</FullName>
          <Methods>
            <Method visited="true" cyclomaticComplexity="10" nPathComplexity="512" sequenceCoverage="100" branchCoverage="94.74" crapScore="10" isConstructor="false" isStatic="true" isGetter="false" isSetter="false">
              <Summary numSequencePoints="46" visitedSequencePoints="46" numBranchPoints="19" visitedBranchPoints="18" sequenceCoverage="100" branchCoverage="94.74" maxCyclomaticComplexity="10" minCyclomaticComplexity="10" maxCrapScore="10" minCrapScore="10" visitedClasses="0" numClasses="0" visitedMethods="1" numMethods="1" />
              <MetadataToken>100663297</MetadataToken>
              <Name>System.String ce100_hw3_algo_lib_cs.Class1::LongestCommonSubsquence(System.String,System.String,System.Int32,System.Int32)</Name>
              <FileRef uid="3" />
              <SequencePoints>
                <SequencePoint vc="3" uspid="47" ordinal="0" offset="0" sl="35" sc="9" el="35" ec="10" bec="0" bev="0" fileid="3" />
                <SequencePoint vc="3" uspid="48" ordinal="1" offset="1" sl="36" sc="13" el="36" ec="46" bec="0" bev="0" fileid="3" />
                <SequencePoint vc="3" uspid="49" ordinal="2" offset="13" sl="42" sc="18" el="42" ec="27" bec="0" bev="0" fileid="3" />
                <SequencePoint vc="71" uspid="50" ordinal="3" offset="21" sl="43" sc="13" el="43" ec="14" bec="0" bev="0" fileid="3" />
                <SequencePoint vc="71" uspid="51" ordinal="4" offset="22" sl="44" sc="22" el="44" ec="31" bec="0" bev="0" fileid="3" />
                <SequencePoint vc="1803" uspid="52" ordinal="5" offset="30" sl="45" sc="17" el="45" ec="18" bec="0" bev="0" fileid="3" />
                <SequencePoint vc="1803" uspid="53" ordinal="6" offset="31" sl="46" sc="21" el="46" ec="42" bec="4" bev="4" fileid="3" />
                <SequencePoint vc="132" uspid="54" ordinal="7" offset="49" sl="47" sc="21" el="47" ec="22" bec="0" bev="0" fileid="3" />
                <SequencePoint vc="132" uspid="55" ordinal="8" offset="50" sl="48" sc="25" el="48" ec="37" bec="0" bev="0" fileid="3" />
                <SequencePoint vc="132" uspid="56" ordinal="9" offset="61" sl="49" sc="21" el="49" ec="22" bec="0" bev="0" fileid="3" />
                <SequencePoint vc="1671" uspid="57" ordinal="10" offset="64" sl="50" sc="26" el="50" ec="51" bec="2" bev="2" fileid="3" />
                <SequencePoint vc="93" uspid="58" ordinal="11" offset="92" sl="51" sc="21" el="51" ec="22" bec="0" bev="0" fileid="3" />
                <SequencePoint vc="93" uspid="59" ordinal="12" offset="93" sl="52" sc="25" el="52" ec="55" bec="0" bev="0" fileid="3" />
                <SequencePoint vc="93" uspid="60" ordinal="13" offset="119" sl="53" sc="21" el="53" ec="22" bec="0" bev="0" fileid="3" />
                <SequencePoint vc="1578" uspid="61" ordinal="14" offset="122" sl="55" sc="21" el="55" ec="22" bec="0" bev="0" fileid="3" />
                <SequencePoint vc="1578" uspid="62" ordinal="15" offset="123" sl="56" sc="25" el="56" ec="70" bec="0" bev="0" fileid="3" />
                <SequencePoint vc="1578" uspid="63" ordinal="16" offset="162" sl="57" sc="21" el="57" ec="22" bec="0" bev="0" fileid="3" />
                <SequencePoint vc="1803" uspid="64" ordinal="17" offset="163" sl="58" sc="17" el="58" ec="18" bec="0" bev="0" fileid="3" />
                <SequencePoint vc="1803" uspid="65" ordinal="18" offset="164" sl="44" sc="41" el="44" ec="44" bec="0" bev="0" fileid="3" />
                <SequencePoint vc="1874" uspid="66" ordinal="19" offset="170" sl="44" sc="33" el="44" ec="39" bec="2" bev="2" fileid="3" />
                <SequencePoint vc="71" uspid="67" ordinal="20" offset="187" sl="59" sc="13" el="59" ec="14" bec="0" bev="0" fileid="3" />
                <SequencePoint vc="71" uspid="68" ordinal="21" offset="188" sl="42" sc="37" el="42" ec="40" bec="0" bev="0" fileid="3" />
                <SequencePoint vc="74" uspid="69" ordinal="22" offset="194" sl="42" sc="29" el="42" ec="35" bec="2" bev="2" fileid="3" />
                <SequencePoint vc="3" uspid="70" ordinal="23" offset="211" sl="62" sc="13" el="62" ec="33" bec="0" bev="0" fileid="3" />
                <SequencePoint vc="3" uspid="71" ordinal="24" offset="220" sl="67" sc="13" el="67" ec="39" bec="0" bev="0" fileid="3" />
                <SequencePoint vc="3" uspid="72" ordinal="25" offset="226" sl="73" sc="13" el="73" ec="22" bec="0" bev="0" fileid="3" />
                <SequencePoint vc="3" uspid="73" ordinal="26" offset="228" sl="73" sc="24" el="73" ec="29" bec="0" bev="0" fileid="3" />
                <SequencePoint vc="98" uspid="74" ordinal="27" offset="233" sl="75" sc="13" el="75" ec="14" bec="0" bev="0" fileid="3" />
                <SequencePoint vc="98" uspid="75" ordinal="28" offset="234" sl="79" sc="17" el="79" ec="42" bec="2" bev="2" fileid="3" />
                <SequencePoint vc="21" uspid="76" ordinal="29" offset="261" sl="80" sc="17" el="80" ec="18" bec="0" bev="0" fileid="3" />
                <SequencePoint vc="21" uspid="77" ordinal="30" offset="262" sl="82" sc="21" el="82" ec="42" bec="0" bev="0" fileid="3" />
                <SequencePoint vc="21" uspid="78" ordinal="31" offset="287" sl="85" sc="21" el="85" ec="25" bec="0" bev="0" fileid="3" />
                <SequencePoint vc="21" uspid="79" ordinal="32" offset="291" sl="86" sc="21" el="86" ec="25" bec="0" bev="0" fileid="3" />
                <SequencePoint vc="21" uspid="80" ordinal="33" offset="297" sl="87" sc="21" el="87" ec="29" bec="0" bev="0" fileid="3" />
                <SequencePoint vc="21" uspid="81" ordinal="34" offset="301" sl="88" sc="17" el="88" ec="18" bec="0" bev="0" fileid="3" />
                <SequencePoint vc="77" uspid="82" ordinal="35" offset="304" sl="92" sc="22" el="92" ec="52" bec="2" bev="2" fileid="3" />
                <SequencePoint vc="37" uspid="83" ordinal="36" offset="334" sl="93" sc="17" el="93" ec="18" bec="0" bev="0" fileid="3" />
                <SequencePoint vc="37" uspid="84" ordinal="37" offset="335" sl="93" sc="19" el="93" ec="23" bec="0" bev="0" fileid="3" />
                <SequencePoint vc="37" uspid="85" ordinal="38" offset="339" sl="93" sc="24" el="93" ec="25" bec="0" bev="0" fileid="3" />
                <SequencePoint vc="40" uspid="86" ordinal="39" offset="342" sl="95" sc="17" el="95" ec="18" bec="0" bev="0" fileid="3" />
                <SequencePoint vc="40" uspid="87" ordinal="40" offset="343" sl="95" sc="19" el="95" ec="23" bec="0" bev="0" fileid="3" />
                <SequencePoint vc="40" uspid="88" ordinal="41" offset="349" sl="95" sc="24" el="95" ec="25" bec="0" bev="0" fileid="3" />
                <SequencePoint vc="98" uspid="89" ordinal="42" offset="350" sl="96" sc="13" el="96" ec="14" bec="0" bev="0" fileid="3" />
                <SequencePoint vc="101" uspid="90" ordinal="43" offset="351" sl="74" sc="13" el="74" ec="35" bec="4" bev="3" fileid="3" />
                <SequencePoint vc="3" uspid="91" ordinal="44" offset="372" sl="97" sc="13" el="97" ec="24" bec="0" bev="0" fileid="3" />
                <SequencePoint vc="3" uspid="92" ordinal="45" offset="377" sl="98" sc="9" el="98" ec="10" bec="0" bev="0" fileid="3" />
              </SequencePoints>
              <BranchPoints>
                <BranchPoint vc="1739" uspid="93" ordinal="0" offset="33" sl="46" path="0" offsetend="35" fileid="3" />
                <BranchPoint vc="64" uspid="94" ordinal="1" offset="33" sl="46" path="1" offsetend="42" fileid="3" />
                <BranchPoint vc="132" uspid="95" ordinal="2" offset="47" sl="46" path="0" offsetend="49" fileid="3" />
                <BranchPoint vc="1671" uspid="96" ordinal="3" offset="47" sl="46" path="1" offsetend="64" fileid="3" />
                <BranchPoint vc="93" uspid="97" ordinal="4" offset="90" sl="50" path="0" offsetend="92" fileid="3" />
                <BranchPoint vc="1578" uspid="98" ordinal="5" offset="90" sl="50" path="1" offsetend="122" fileid="3" />
                <BranchPoint vc="71" uspid="99" ordinal="6" offset="182" sl="44" path="0" offsetend="187" fileid="3" />
                <BranchPoint vc="1803" uspid="100" ordinal="7" offset="182" sl="44" path="1" offsetend="30" fileid="3" />
                <BranchPoint vc="3" uspid="101" ordinal="8" offset="206" sl="42" path="0" offsetend="211" fileid="3" />
                <BranchPoint vc="71" uspid="102" ordinal="9" offset="206" sl="42" path="1" offsetend="21" fileid="3" />
                <BranchPoint vc="21" uspid="103" ordinal="10" offset="259" sl="79" path="0" offsetend="261" fileid="3" />
                <BranchPoint vc="77" uspid="104" ordinal="11" offset="259" sl="79" path="1" offsetend="304" fileid="3" />
                <BranchPoint vc="37" uspid="105" ordinal="12" offset="332" sl="92" path="0" offsetend="334" fileid="3" />
                <BranchPoint vc="40" uspid="106" ordinal="13" offset="332" sl="92" path="1" offsetend="342" fileid="3" />
                <BranchPoint vc="101" uspid="107" ordinal="14" offset="353" sl="74" path="0" offsetend="355" fileid="3" />
                <BranchPoint vc="0" uspid="108" ordinal="15" offset="353" sl="74" path="1" offsetend="362" fileid="3" />
                <BranchPoint vc="3" uspid="109" ordinal="16" offset="367" sl="74" path="0" offsetend="372" fileid="3" />
                <BranchPoint vc="98" uspid="110" ordinal="17" offset="367" sl="74" path="1" offsetend="233" fileid="3" />
              </BranchPoints>
              <MethodPoint xsi:type="SequencePoint" vc="3" uspid="47" ordinal="0" offset="0" sl="35" sc="9" el="35" ec="10" bec="0" bev="0" fileid="3" />
            </Method>
            <Method visited="true" cyclomaticComplexity="4" nPathComplexity="8" sequenceCoverage="100" branchCoverage="100" crapScore="4" isConstructor="false" isStatic="true" isGetter="false" isSetter="false">
              <Summary numSequencePoints="14" visitedSequencePoints="14" numBranchPoints="7" visitedBranchPoints="7" sequenceCoverage="100" branchCoverage="100" maxCyclomaticComplexity="4" minCyclomaticComplexity="4" maxCrapScore="4" minCrapScore="4" visitedClasses="0" numClasses="0" visitedMethods="1" numMethods="1" />
              <MetadataToken>100663298</MetadataToken>
              <Name>System.Int32 ce100_hw3_algo_lib_cs.Class1::MatrixChainOrder(System.Int32[],System.Int32,System.Int32)</Name>
              <FileRef uid="3" />
              <SequencePoints>
                <SequencePoint vc="81" uspid="111" ordinal="0" offset="0" sl="114" sc="9" el="114" ec="10" bec="0" bev="0" fileid="3" />
                <SequencePoint vc="81" uspid="112" ordinal="1" offset="1" sl="116" sc="13" el="116" ec="24" bec="2" bev="2" fileid="3" />
                <SequencePoint vc="54" uspid="113" ordinal="2" offset="9" sl="117" sc="17" el="117" ec="26" bec="0" bev="0" fileid="3" />
                <SequencePoint vc="27" uspid="114" ordinal="3" offset="13" sl="119" sc="13" el="119" ec="36" bec="0" bev="0" fileid="3" />
                <SequencePoint vc="27" uspid="115" ordinal="4" offset="19" sl="126" sc="18" el="126" ec="27" bec="0" bev="0" fileid="3" />
                <SequencePoint vc="39" uspid="116" ordinal="5" offset="23" sl="127" sc="13" el="127" ec="14" bec="0" bev="0" fileid="3" />
                <SequencePoint vc="39" uspid="117" ordinal="6" offset="24" sl="128" sc="17" el="130" ec="54" bec="0" bev="0" fileid="3" />
                <SequencePoint vc="39" uspid="118" ordinal="7" offset="59" sl="132" sc="17" el="132" ec="33" bec="2" bev="2" fileid="3" />
                <SequencePoint vc="35" uspid="119" ordinal="8" offset="70" sl="133" sc="21" el="133" ec="33" bec="0" bev="0" fileid="3" />
                <SequencePoint vc="39" uspid="120" ordinal="9" offset="73" sl="134" sc="13" el="134" ec="14" bec="0" bev="0" fileid="3" />
                <SequencePoint vc="39" uspid="121" ordinal="10" offset="74" sl="126" sc="36" el="126" ec="39" bec="0" bev="0" fileid="3" />
                <SequencePoint vc="66" uspid="122" ordinal="11" offset="78" sl="126" sc="29" el="126" ec="34" bec="2" bev="2" fileid="3" />
                <SequencePoint vc="27" uspid="123" ordinal="12" offset="88" sl="137" sc="13" el="137" ec="24" bec="0" bev="0" fileid="3" />
                <SequencePoint vc="81" uspid="124" ordinal="13" offset="92" sl="138" sc="9" el="138" ec="10" bec="0" bev="0" fileid="3" />
              </SequencePoints>
              <BranchPoints>
                <BranchPoint vc="54" uspid="125" ordinal="0" offset="7" sl="116" path="0" offsetend="9" fileid="3" />
                <BranchPoint vc="27" uspid="126" ordinal="1" offset="7" sl="116" path="1" offsetend="13" fileid="3" />
                <BranchPoint vc="35" uspid="127" ordinal="2" offset="68" sl="132" path="0" offsetend="70" fileid="3" />
                <BranchPoint vc="4" uspid="128" ordinal="3" offset="68" sl="132" path="1" offsetend="73" fileid="3" />
                <BranchPoint vc="27" uspid="129" ordinal="4" offset="86" sl="126" path="0" offsetend="88" fileid="3" />
                <BranchPoint vc="39" uspid="130" ordinal="5" offset="86" sl="126" path="1" offsetend="23" fileid="3" />
              </BranchPoints>
              <MethodPoint xsi:type="SequencePoint" vc="81" uspid="111" ordinal="0" offset="0" sl="114" sc="9" el="114" ec="10" bec="0" bev="0" fileid="3" />
            </Method>
            <Method visited="false" cyclomaticComplexity="1" nPathComplexity="0" sequenceCoverage="0" branchCoverage="0" crapScore="2" isConstructor="true" isStatic="false" isGetter="false" isSetter="false">
              <Summary numSequencePoints="0" visitedSequencePoints="0" numBranchPoints="0" visitedBranchPoints="0" sequenceCoverage="0" branchCoverage="0" maxCyclomaticComplexity="1" minCyclomaticComplexity="1" maxCrapScore="2" minCrapScore="2" visitedClasses="0" numClasses="0" visitedMethods="0" numMethods="0" />
              <MetadataToken>100663299</MetadataToken>
              <Name>System.Void ce100_hw3_algo_lib_cs.Class1::.ctor()</Name>
              <SequencePoints />
              <BranchPoints />
              <MethodPoint vc="0" uspid="131" ordinal="0" offset="0" />
            </Method>
          </Methods>
        </Class>
      </Classes>
    </Module>
  </Modules>
</CoverageSession>