<?xml version="1.0" encoding="utf-8"?>
<!DOCTYPE coverage SYSTEM "http://cobertura.sourceforge.net/xml/coverage-04.dtd">
<coverage line-rate="1" branch-rate="0.9583333333333334" lines-covered="96" lines-valid="96" branches-covered="23" branches-valid="24" complexity="20" version="0" timestamp="1649626437">
  <sources />
  <packages>
    <package name="ClassLibrary1" line-rate="1" branch-rate="0.9583333333333334" complexity="14">
      <classes>
        <class name="ce100_hw3_algo_lib_cs.Class1" filename="C:\Users\Lenovo\Desktop\ce100-hw3-duygu-ozturk\ce100-hw3-duygu-ozturk\ClassLibrary1\Class1.cs" line-rate="1" branch-rate="0.9583333333333334" complexity="NaN">
          <methods>
            <method name="LongestCommonSubsquence" signature="(System.String,System.String,System.Int32,System.Int32)" line-rate="1" branch-rate="0.9444444444444444" complexity="NaN">
              <lines>
                <line number="35" hits="3" branch="false" />
                <line number="36" hits="3" branch="false" />
                <line number="42" hits="148" branch="true" condition-coverage="100% (2/2)" />
                <line number="43" hits="71" branch="false" />
                <line number="44" hits="3748" branch="true" condition-coverage="100% (2/2)" />
                <line number="45" hits="1803" branch="false" />
                <line number="46" hits="1803" branch="true" condition-coverage="100% (4/4)" />
                <line number="47" hits="132" branch="false" />
                <line number="48" hits="132" branch="false" />
                <line number="49" hits="132" branch="false" />
                <line number="50" hits="1671" branch="true" condition-coverage="100% (2/2)" />
                <line number="51" hits="93" branch="false" />
                <line number="52" hits="93" branch="false" />
                <line number="53" hits="93" branch="false" />
                <line number="55" hits="1578" branch="false" />
                <line number="56" hits="1578" branch="false" />
                <line number="57" hits="1578" branch="false" />
                <line number="58" hits="1803" branch="false" />
                <line number="59" hits="71" branch="false" />
                <line number="62" hits="3" branch="false" />
                <line number="67" hits="3" branch="false" />
                <line number="73" hits="6" branch="false" />
                <line number="74" hits="101" branch="true" condition-coverage="75% (3/4)" />
                <line number="75" hits="98" branch="false" />
                <line number="79" hits="98" branch="true" condition-coverage="100% (2/2)" />
                <line number="80" hits="21" branch="false" />
                <line number="82" hits="21" branch="false" />
                <line number="85" hits="21" branch="false" />
                <line number="86" hits="21" branch="false" />
                <line number="87" hits="21" branch="false" />
                <line number="88" hits="21" branch="false" />
                <line number="92" hits="77" branch="true" condition-coverage="100% (2/2)" />
                <line number="93" hits="111" branch="false" />
                <line number="95" hits="120" branch="false" />
                <line number="96" hits="98" branch="false" />
                <line number="97" hits="3" branch="false" />
                <line number="98" hits="3" branch="false" />
              </lines>
            </method>
            <method name="MatrixChainOrder" signature="(System.Int32[],System.Int32,System.Int32)" line-rate="1" branch-rate="1" complexity="NaN">
              <lines>
                <line number="114" hits="81" branch="false" />
                <line number="116" hits="81" branch="true" condition-coverage="100% (2/2)" />
                <line number="117" hits="54" branch="false" />
                <line number="119" hits="27" branch="false" />
                <line number="126" hits="132" branch="true" condition-coverage="100% (2/2)" />
                <line number="127" hits="39" branch="false" />
                <line number="128" hits="39" branch="false" />
                <line number="129" hits="39" branch="false" />
                <line number="130" hits="39" branch="false" />
                <line number="132" hits="39" branch="true" condition-coverage="100% (2/2)" />
                <line number="133" hits="35" branch="false" />
                <line number="134" hits="39" branch="false" />
                <line number="137" hits="27" branch="false" />
                <line number="138" hits="81" branch="false" />
              </lines>
            </method>
          </methods>
          <lines>
            <line number="35" hits="3" branch="false" />
            <line number="36" hits="3" branch="false" />
            <line number="42" hits="148" branch="true" condition-coverage="100% (2/2)" />
            <line number="43" hits="71" branch="false" />
            <line number="44" hits="3748" branch="true" condition-coverage="100% (2/2)" />
            <line number="45" hits="1803" branch="false" />
            <line number="46" hits="1803" branch="true" condition-coverage="100% (4/4)" />
            <line number="47" hits="132" branch="false" />
            <line number="48" hits="132" branch="false" />
            <line number="49" hits="132" branch="false" />
            <line number="50" hits="1671" branch="true" condition-coverage="100% (2/2)" />
            <line number="51" hits="93" branch="false" />
            <line number="52" hits="93" branch="false" />
            <line number="53" hits="93" branch="false" />
            <line number="55" hits="1578" branch="false" />
            <line number="56" hits="1578" branch="false" />
            <line number="57" hits="1578" branch="false" />
            <line number="58" hits="1803" branch="false" />
            <line number="59" hits="71" branch="false" />
            <line number="62" hits="3" branch="false" />
            <line number="67" hits="3" branch="false" />
            <line number="73" hits="6" branch="false" />
            <line number="74" hits="101" branch="true" condition-coverage="75% (3/4)" />
            <line number="75" hits="98" branch="false" />
            <line number="79" hits="98" branch="true" condition-coverage="100% (2/2)" />
            <line number="80" hits="21" branch="false" />
            <line number="82" hits="21" branch="false" />
            <line number="85" hits="21" branch="false" />
            <line number="86" hits="21" branch="false" />
            <line number="87" hits="21" branch="false" />
            <line number="88" hits="21" branch="false" />
            <line number="92" hits="77" branch="true" condition-coverage="100% (2/2)" />
            <line number="93" hits="111" branch="false" />
            <line number="95" hits="120" branch="false" />
            <line number="96" hits="98" branch="false" />
            <line number="97" hits="3" branch="false" />
            <line number="98" hits="3" branch="false" />
            <line number="114" hits="81" branch="false" />
            <line number="116" hits="81" branch="true" condition-coverage="100% (2/2)" />
            <line number="117" hits="54" branch="false" />
            <line number="119" hits="27" branch="false" />
            <line number="126" hits="132" branch="true" condition-coverage="100% (2/2)" />
            <line number="127" hits="39" branch="false" />
            <line number="128" hits="39" branch="false" />
            <line number="129" hits="39" branch="false" />
            <line number="130" hits="39" branch="false" />
            <line number="132" hits="39" branch="true" condition-coverage="100% (2/2)" />
            <line number="133" hits="35" branch="false" />
            <line number="134" hits="39" branch="false" />
            <line number="137" hits="27" branch="false" />
            <line number="138" hits="81" branch="false" />
          </lines>
        </class>
      </classes>
    </package>
    <package name="UnitTestProject1" line-rate="1" branch-rate="1" complexity="6">
      <classes>
        <class name="ce100_hw3_algo_test_cs.UnitTest1" filename="C:\Users\Lenovo\Desktop\ce100-hw3-duygu-ozturk\ce100-hw3-duygu-ozturk\UnitTestProject1\UnitTest1.cs" line-rate="1" branch-rate="1" complexity="6">
          <methods>
            <method name="LongestCommonSubsquence_TestMethod1" signature="()" line-rate="1" branch-rate="1" complexity="1">
              <lines>
                <line number="13" hits="1" branch="false" />
                <line number="14" hits="1" branch="false" />
                <line number="15" hits="1" branch="false" />
                <line number="18" hits="1" branch="false" />
                <line number="19" hits="1" branch="false" />
                <line number="20" hits="1" branch="false" />
                <line number="21" hits="1" branch="false" />
                <line number="22" hits="1" branch="false" />
                <line number="23" hits="1" branch="false" />
              </lines>
            </method>
            <method name="LongestCommonSubsquence_TestMethod2" signature="()" line-rate="1" branch-rate="1" complexity="1">
              <lines>
                <line number="28" hits="1" branch="false" />
                <line number="29" hits="1" branch="false" />
                <line number="30" hits="1" branch="false" />
                <line number="33" hits="1" branch="false" />
                <line number="34" hits="1" branch="false" />
                <line number="35" hits="1" branch="false" />
                <line number="36" hits="1" branch="false" />
                <line number="37" hits="1" branch="false" />
                <line number="38" hits="1" branch="false" />
              </lines>
            </method>
            <method name="LongestCommonSubsquence_TestMethod3" signature="()" line-rate="1" branch-rate="1" complexity="1">
              <lines>
                <line number="42" hits="1" branch="false" />
                <line number="43" hits="1" branch="false" />
                <line number="44" hits="1" branch="false" />
                <line number="47" hits="1" branch="false" />
                <line number="48" hits="1" branch="false" />
                <line number="49" hits="1" branch="false" />
                <line number="50" hits="1" branch="false" />
                <line number="51" hits="1" branch="false" />
                <line number="52" hits="1" branch="false" />
              </lines>
            </method>
            <method name="MatrixChainOrder_TestMethod1" signature="()" line-rate="1" branch-rate="1" complexity="1">
              <lines>
                <line number="56" hits="1" branch="false" />
                <line number="57" hits="1" branch="false" />
                <line number="58" hits="1" branch="false" />
                <line number="59" hits="1" branch="false" />
                <line number="60" hits="1" branch="false" />
                <line number="61" hits="1" branch="false" />
              </lines>
            </method>
            <method name="MatrixChainOrder_TestMethod2" signature="()" line-rate="1" branch-rate="1" complexity="1">
              <lines>
                <line number="65" hits="1" branch="false" />
                <line number="66" hits="1" branch="false" />
                <line number="67" hits="1" branch="false" />
                <line number="68" hits="1" branch="false" />
                <line number="69" hits="1" branch="false" />
                <line number="70" hits="1" branch="false" />
              </lines>
            </method>
            <method name="MatrixChainOrder_TestMethod3" signature="()" line-rate="1" branch-rate="1" complexity="1">
              <lines>
                <line number="74" hits="1" branch="false" />
                <line number="75" hits="1" branch="false" />
                <line number="76" hits="1" branch="false" />
                <line number="77" hits="1" branch="false" />
                <line number="78" hits="1" branch="false" />
                <line number="79" hits="1" branch="false" />
              </lines>
            </method>
          </methods>
          <lines>
            <line number="13" hits="1" branch="false" />
            <line number="14" hits="1" branch="false" />
            <line number="15" hits="1" branch="false" />
            <line number="18" hits="1" branch="false" />
            <line number="19" hits="1" branch="false" />
            <line number="20" hits="1" branch="false" />
            <line number="21" hits="1" branch="false" />
            <line number="22" hits="1" branch="false" />
            <line number="23" hits="1" branch="false" />
            <line number="28" hits="1" branch="false" />
            <line number="29" hits="1" branch="false" />
            <line number="30" hits="1" branch="false" />
            <line number="33" hits="1" branch="false" />
            <line number="34" hits="1" branch="false" />
            <line number="35" hits="1" branch="false" />
            <line number="36" hits="1" branch="false" />
            <line number="37" hits="1" branch="false" />
            <line number="38" hits="1" branch="false" />
            <line number="42" hits="1" branch="false" />
            <line number="43" hits="1" branch="false" />
            <line number="44" hits="1" branch="false" />
            <line number="47" hits="1" branch="false" />
            <line number="48" hits="1" branch="false" />
            <line number="49" hits="1" branch="false" />
            <line number="50" hits="1" branch="false" />
            <line number="51" hits="1" branch="false" />
            <line number="52" hits="1" branch="false" />
            <line number="56" hits="1" branch="false" />
            <line number="57" hits="1" branch="false" />
            <line number="58" hits="1" branch="false" />
            <line number="59" hits="1" branch="false" />
            <line number="60" hits="1" branch="false" />
            <line number="61" hits="1" branch="false" />
            <line number="65" hits="1" branch="false" />
            <line number="66" hits="1" branch="false" />
            <line number="67" hits="1" branch="false" />
            <line number="68" hits="1" branch="false" />
            <line number="69" hits="1" branch="false" />
            <line number="70" hits="1" branch="false" />
            <line number="74" hits="1" branch="false" />
            <line number="75" hits="1" branch="false" />
            <line number="76" hits="1" branch="false" />
            <line number="77" hits="1" branch="false" />
            <line number="78" hits="1" branch="false" />
            <line number="79" hits="1" branch="false" />
          </lines>
        </class>
      </classes>
    </package>
  </packages>
</coverage>